<?xml version="1.0" encoding="UTF-8"?>
<testng-results ignored="0" total="1" passed="1" failed="0" skipped="0">
  <reporter-output>
  </reporter-output>
  <suite started-at="2024-09-08T03:44:00 IST" name="Default suite" finished-at="2024-09-08T03:44:30 IST" duration-ms="30284">
    <groups>
    </groups>
    <test started-at="2024-09-08T03:44:00 IST" name="Default test" finished-at="2024-09-08T03:44:30 IST" duration-ms="30284">
      <class name="com.ui.test.DashBoardPageTest">
        <test-method is-config="true" signature="setup()[pri:0, instance:com.ui.test.DashBoardPageTest@5d534f5d]" started-at="2024-09-08T03:44:00 IST" name="setup" description="Setup for the tests" finished-at="2024-09-08T03:44:19 IST" duration-ms="19366" status="PASS">
          <reporter-output>
          </reporter-output>
        </test-method> <!-- setup -->
        <test-method signature="verifyForTextPreseny()[pri:0, instance:com.ui.test.DashBoardPageTest@5d534f5d]" started-at="2024-09-08T03:44:19 IST" name="verifyForTextPreseny" finished-at="2024-09-08T03:44:30 IST" duration-ms="10846" status="PASS">
          <reporter-output>
          </reporter-output>
        </test-method> <!-- verifyForTextPreseny -->
      </class> <!-- com.ui.test.DashBoardPageTest -->
    </test> <!-- Default test -->
  </suite> <!-- Default suite -->
</testng-results>
