<?xml version="1.0" encoding="UTF-8"?>
<testng-results ignored="0" total="1" passed="1" failed="0" skipped="0">
  <reporter-output>
  </reporter-output>
  <suite started-at="2024-09-15T20:42:35 IST" name="Default suite" finished-at="2024-09-15T20:42:56 IST" duration-ms="20466">
    <groups>
      <group name="smoke">
        <method signature="LoginTest.verifyUserLogin()[pri:0, instance:com.ui.test.LoginTest@7b36aa0c]" name="verifyUserLogin" class="com.ui.test.LoginTest"/>
      </group> <!-- smoke -->
      <group name="sanity">
        <method signature="LoginTest.verifyUserLogin()[pri:0, instance:com.ui.test.LoginTest@7b36aa0c]" name="verifyUserLogin" class="com.ui.test.LoginTest"/>
      </group> <!-- sanity -->
    </groups>
    <test started-at="2024-09-15T20:42:35 IST" name="Default test" finished-at="2024-09-15T20:42:56 IST" duration-ms="20466">
      <class name="com.ui.test.LoginTest">
        <test-method is-config="true" signature="setup()[pri:0, instance:com.ui.test.LoginTest@7b36aa0c]" started-at="2024-09-15T20:42:35 IST" name="setup" description="Setup for the tests" finished-at="2024-09-15T20:42:49 IST" duration-ms="14218" status="PASS">
          <reporter-output>
          </reporter-output>
        </test-method> <!-- setup -->
        <test-method signature="verifyUserLogin()[pri:0, instance:com.ui.test.LoginTest@7b36aa0c]" started-at="2024-09-15T20:42:49 IST" name="verifyUserLogin" description="test user login via ui" finished-at="2024-09-15T20:42:56 IST" duration-ms="6184" status="PASS">
          <reporter-output>
          </reporter-output>
        </test-method> <!-- verifyUserLogin -->
      </class> <!-- com.ui.test.LoginTest -->
    </test> <!-- Default test -->
  </suite> <!-- Default suite -->
</testng-results>
