<?xml version="1.0" encoding="UTF-8"?>
<!-- Generated by org.testng.reporters.JUnitReportReporter -->
<testsuite hostname="DESKTOP-T8JE89P" failures="1" tests="5" name="parallel.parallelRun" time="139.917" errors="0" timestamp="2024-08-11T19:00:10 IST" skipped="0">
  <testcase classname="parallel.parallelRun" name="runScenario" time="42.731"/>
  <system-out/>
  <testcase classname="parallel.parallelRun" name="runScenario" time="30.097">
    <failure type="java.lang.AssertionError">
      <![CDATA[java.lang.AssertionError
at org.junit.Assert.fail(Assert.java:87)
at org.junit.Assert.assertTrue(Assert.java:42)
at org.junit.Assert.assertTrue(Assert.java:53)
at parallel.DashBoardPageSteps.user_gets_the_nav_options(DashBoardPageSteps.java:50)
at ✽.User gets the Nav options(classpath:parallel/DashBoardPage.feature:12)
]]>
    </failure>
  </testcase> <!-- runScenario -->
  <system-out/>
  <testcase classname="parallel.parallelRun" name="runScenario" time="21.239"/>
  <system-out/>
  <testcase classname="parallel.parallelRun" name="runScenario" time="22.453"/>
  <system-out/>
  <testcase classname="parallel.parallelRun" name="runScenario" time="23.397"/>
  <system-out/>
</testsuite> <!-- parallel.parallelRun -->
